<?xml version="1.0" encoding="UTF-8"?>
<!-- Generated by org.testng.reporters.JUnitReportReporter -->
<testsuite hostname="DESKTOP-BL08O2D" failures="0" tests="2" name="orgTest.CreateOrgTest" time="0.012" errors="0" timestamp="2024-11-12T17:07:46 IST" skipped="0">
  <testcase classname="orgTest.CreateOrgTest" name="creaOrgTest" time="0.010"/>
  <system-out/>
  <testcase classname="orgTest.CreateOrgTest" name="createWithOrgNo" time="0.002"/>
  <system-out/>
</testsuite> <!-- orgTest.CreateOrgTest -->
