<?xml version="1.0" encoding="UTF-8"?>
<!-- Generated by org.testng.reporters.JUnitReportReporter -->
<testsuite hostname="DESKTOP-BL08O2D" failures="0" tests="2" name="contactTest.CreateContactTest" time="0.004" errors="0" timestamp="2024-11-12T17:07:13 IST" skipped="0">
  <testcase classname="contactTest.CreateContactTest" name="createWithContactNo" time="0.003"/>
  <system-out/>
  <testcase classname="contactTest.CreateContactTest" name="createCntactTest" time="0.001"/>
  <system-out/>
</testsuite> <!-- contactTest.CreateContactTest -->
